<?xml version="1.0" encoding="UTF-8"?>
<testsuite name="MyTestMobile" tests="1" skipped="0" failures="0" errors="0" timestamp="2016-11-06T00:50:48" hostname="Eynar-Machine" time="35.512">
  <properties/>
  <testcase name="verify_contact_is_not_added" classname="MyTestMobile" time="35.512"/>
  <system-out><![CDATA[]]></system-out>
  <system-err><![CDATA[Nov 05, 2016 8:50:49 PM org.openqa.selenium.remote.ProtocolHandshake createSession
INFO: Attempting bi-dialect session, assuming Postel's Law holds true on the remote end
Nov 05, 2016 8:50:57 PM org.openqa.selenium.remote.ProtocolHandshake createSession
INFO: Detected dialect: OSS
]]></system-err>
</testsuite>
